Build started 25.4.2015 16:01:52.
     1>Project "C:\Documents and Settings\luutifa\Omat tiedostot\dev\esfragt-win\esfragt-win\esfragt-win.vcxproj" on node 2 (build target(s)).
     1>InitializeBuildStatus:
         Creating "Debug\esfragt-win.unsuccessfulbuild" because "AlwaysCreate" was specified.
       ClCompile:
         C:\Program Files\Microsoft Visual Studio 10.0\VC\bin\CL.exe /c /I"C:\glwrappers\glew-1.9.0\include" /I"C:\glwrappers\glfw-3.1.1.bin.WIN32\include" /Zi /nologo /W3 /WX- /O2 /Ob2 /Oi /Ot /Oy /GL /D _MBCS /GF- /Gm- /EHsc /MD /GS- /fp:fast /fp:except- /Zc:wchar_t /Zc:forScope /Fo"Debug\\" /Fd"Debug\vc100.pdb" /Gd /TP /analyze- /errorReport:prompt main.cpp
         main.cpp
       Link:
         C:\Program Files\Microsoft Visual Studio 10.0\VC\bin\link.exe /ERRORREPORT:PROMPT /OUT:"C:\Documents and Settings\luutifa\Omat tiedostot\dev\esfragt-win\Debug\esfragt-win.exe" /NOLOGO /LIBPATH:"C:\glwrappers\glew-1.9.0\lib" /LIBPATH:"C:\glwrappers\glfw-3.1.1.bin.WIN32\lib-vc2010" opengl32.lib glu32.lib glew32s.lib glfw3.lib winmm.lib kernel32.lib user32.lib gdi32.lib winspool.lib comdlg32.lib advapi32.lib shell32.lib ole32.lib oleaut32.lib uuid.lib odbc32.lib odbccp32.lib /MANIFEST:NO /PDB:"C:\Documents and Settings\luutifa\Omat tiedostot\dev\esfragt-win\Debug\esfragt-win.pdb" /TLBID:1 /DYNAMICBASE /NXCOMPAT /IMPLIB:"C:\Documents and Settings\luutifa\Omat tiedostot\dev\esfragt-win\Debug\esfragt-win.lib" /MACHINE:X86 Debug\main.obj
         main.obj : MSIL .netmodule or module compiled with /GL found; restarting link with /LTCG; add /LTCG to the link command line to improve linker performance
     1>LINK : warning LNK4098: defaultlib 'LIBCMT' conflicts with use of other libs; use /NODEFAULTLIB:library
         Generating code
         Finished generating code
         esfragt-win.vcxproj -> C:\Documents and Settings\luutifa\Omat tiedostot\dev\esfragt-win\Debug\esfragt-win.exe
       FinalizeBuildStatus:
         Deleting file "Debug\esfragt-win.unsuccessfulbuild".
         Touching "Debug\esfragt-win.lastbuildstate".
     1>Done Building Project "C:\Documents and Settings\luutifa\Omat tiedostot\dev\esfragt-win\esfragt-win\esfragt-win.vcxproj" (build target(s)).

Build succeeded.

Time Elapsed 00:00:00.95
